<?xml version="1.0" encoding="UTF-8"?>
<!-- Generated by org.testng.reporters.JUnitReportReporter -->
<testsuite skipped="0" hostname="PLG-46" name="com.OneAssist.com.OneAssist_API_Automation.testSuite.BulkBoardingTestSuite" tests="1" failures="0" timestamp="29 Jun 2018 13:25:28 GMT" time="2.312" errors="0">
  <testcase name="beforeMethod" time="2.312" classname="com.OneAssist.com.OneAssist_API_Automation.testSuite.BulkBoardingTestSuite"/>
</testsuite> <!-- com.OneAssist.com.OneAssist_API_Automation.testSuite.BulkBoardingTestSuite -->
