<?xml version="1.0" encoding="UTF-8"?>
<!-- Generated by org.testng.reporters.JUnitReportReporter -->
<testsuite skipped="0" hostname="PLG-37" name="com.OneAssist.com.OneAssist_API_Automation.testSuite.BulkBoardingTestSuite" tests="1" failures="0" timestamp="02 Jul 2018 11:09:03 GMT" time="2.438" errors="0">
  <testcase name="beforeMethod" time="2.438" classname="com.OneAssist.com.OneAssist_API_Automation.testSuite.BulkBoardingTestSuite"/>
</testsuite> <!-- com.OneAssist.com.OneAssist_API_Automation.testSuite.BulkBoardingTestSuite -->
