<?xml version="1.0" encoding="UTF-8"?>
<!-- Generated by org.testng.reporters.JUnitReportReporter -->
<testsuite skipped="0" hostname="PLG-46" name="com.OneAssist.com.OneAssist_API_Automation.testSuite.TestBulkBoarding" tests="1" failures="0" timestamp="02 Jul 2018 14:06:17 GMT" time="2.470" errors="0">
  <testcase name="testBulkBoardingOASYS" time="2.470" classname="com.OneAssist.com.OneAssist_API_Automation.testSuite.TestBulkBoarding"/>
</testsuite> <!-- com.OneAssist.com.OneAssist_API_Automation.testSuite.TestBulkBoarding -->
